# JRE version: OpenJDK Runtime Environment (14.0.2+12) (build 14.0.2+12-46)
# Java VM: OpenJDK 64-Bit Server VM (14.0.2+12-46, mixed mode, sharing, tiered, compressed oops, g1 gc, windows-amd64)
Heap:
 garbage-first heap   total 262144K, used 77925K [0x00000000e0000000, 0x0000000100000000)
  region size 1024K, 53 young (54272K), 17 survivors (17408K)
 Metaspace       used 58947K, capacity 61072K, committed 61264K, reserved 307200K
  class space    used 7899K, capacity 8699K, committed 8780K, reserved 253952K
GC Heap History (12 events):
Event: 0.492 GC heap before
{Heap before GC invocations=0 (full 0):
 garbage-first heap   total 262144K, used 28672K [0x00000000e0000000, 0x0000000100000000)
  region size 1024K, 23 young (23552K), 0 survivors (0K)
 Metaspace       used 3865K, capacity 6653K, committed 6784K, reserved 262144K
  class space    used 511K, capacity 771K, committed 896K, reserved 253952K
}
Event: 0.496 GC heap after
{Heap after GC invocations=1 (full 0):
 garbage-first heap   total 262144K, used 8998K [0x00000000e0000000, 0x0000000100000000)
  region size 1024K, 3 young (3072K), 3 survivors (3072K)
 Metaspace       used 3865K, capacity 6653K, committed 6784K, reserved 262144K
  class space    used 511K, capacity 771K, committed 896K, reserved 253952K
}
Event: 0.711 GC heap before
{Heap before GC invocations=1 (full 0):
 garbage-first heap   total 262144K, used 35622K [0x00000000e0000000, 0x0000000100000000)
  region size 1024K, 30 young (30720K), 3 survivors (3072K)
 Metaspace       used 4060K, capacity 6654K, committed 6784K, reserved 262144K
  class space    used 514K, capacity 771K, committed 896K, reserved 253952K
}
Event: 0.716 GC heap after
{Heap after GC invocations=2 (full 0):
 garbage-first heap   total 262144K, used 12603K [0x00000000e0000000, 0x0000000100000000)
  region size 1024K, 4 young (4096K), 4 survivors (4096K)
 Metaspace       used 4060K, capacity 6654K, committed 6784K, reserved 262144K
  class space    used 514K, capacity 771K, committed 896K, reserved 253952K
}
Event: 2.311 GC heap before
{Heap before GC invocations=2 (full 0):
 garbage-first heap   total 262144K, used 131387K [0x00000000e0000000, 0x0000000100000000)
  region size 1024K, 120 young (122880K), 4 survivors (4096K)
 Metaspace       used 20588K, capacity 21198K, committed 21296K, reserved 272384K
  class space    used 3011K, capacity 3199K, committed 3200K, reserved 253952K
}
Event: 2.320 GC heap after
{Heap after GC invocations=3 (full 0):
 garbage-first heap   total 262144K, used 18129K [0x00000000e0000000, 0x0000000100000000)
  region size 1024K, 10 young (10240K), 10 survivors (10240K)
 Metaspace       used 20588K, capacity 21198K, committed 21296K, reserved 272384K
  class space    used 3011K, capacity 3199K, committed 3200K, reserved 253952K
}
Event: 3.971 GC heap before
{Heap before GC invocations=4 (full 0):
 garbage-first heap   total 262144K, used 119505K [0x00000000e0000000, 0x0000000100000000)
  region size 1024K, 108 young (110592K), 10 survivors (10240K)
 Metaspace       used 34945K, capacity 35865K, committed 35964K, reserved 286720K
  class space    used 4664K, capacity 4991K, committed 5068K, reserved 253952K
}
Event: 3.982 GC heap after
{Heap after GC invocations=5 (full 0):
 garbage-first heap   total 262144K, used 25155K [0x00000000e0000000, 0x0000000100000000)
  region size 1024K, 17 young (17408K), 17 survivors (17408K)
 Metaspace       used 34945K, capacity 35865K, committed 35964K, reserved 286720K
  class space    used 4664K, capacity 4991K, committed 5068K, reserved 253952K
}
Event: 5.625 GC heap before
{Heap before GC invocations=6 (full 0):
 garbage-first heap   total 262144K, used 164419K [0x00000000e0000000, 0x0000000100000000)
  region size 1024K, 153 young (156672K), 17 survivors (17408K)
 Metaspace       used 44896K, capacity 46310K, committed 46460K, reserved 294912K
  class space    used 6238K, capacity 6747K, committed 6860K, reserved 253952K
}
Event: 5.650 GC heap after
{Heap after GC invocations=7 (full 0):
 garbage-first heap   total 262144K, used 35668K [0x00000000e0000000, 0x0000000100000000)
  region size 1024K, 18 young (18432K), 18 survivors (18432K)
 Metaspace       used 44896K, capacity 46310K, committed 46460K, reserved 294912K
  class space    used 6238K, capacity 6747K, committed 6860K, reserved 253952K
}
Event: 264.376 GC heap before
{Heap before GC invocations=7 (full 0):
 garbage-first heap   total 262144K, used 151380K [0x00000000e0000000, 0x0000000100000000)
  region size 1024K, 132 young (135168K), 18 survivors (18432K)
 Metaspace       used 58285K, capacity 60295K, committed 60368K, reserved 307200K
  class space    used 7842K, capacity 8624K, committed 8652K, reserved 253952K
}
Event: 264.394 GC heap after
{Heap after GC invocations=8 (full 0):
 garbage-first heap   total 262144K, used 42085K [0x00000000e0000000, 0x0000000100000000)
  region size 1024K, 17 young (17408K), 17 survivors (17408K)
 Metaspace       used 58285K, capacity 60295K, committed 60368K, reserved 307200K
  class space    used 7842K, capacity 8624K, committed 8652K, reserved 253952K
}

